Click on widget class=TEntry text=
Click on widget class=Label text=LIBRE
Click on widget class=Label text=LIBRE
Click on widget class=TButton text=Crear
Click on widget class=TEntry text=
Click on widget class=TEntry text=
Click on widget class=TEntry text=
Click on widget class=TEntry text=
Click on widget class=TEntry text=
Click on widget class=TButton text=Crear
Click on widget class=TEntry text=
Click on widget class=TEntry text=
Click on widget class=TEntry text=
Click on widget class=TEntry text=
Click on widget class=TEntry text=
Click on widget class=TEntry text=
Click on widget class=TEntry text=
Click on widget class=TEntry text=
Click on widget class=TEntry text=
Click on widget class=TButton text=Crear
Click on widget class=TEntry text=
Click on widget class=TEntry text=
Click on widget class=TEntry text=
Click on widget class=TEntry text=
Click on widget class=TEntry text=
Click on widget class=TEntry text=
Click on widget class=TEntry text=
Click on widget class=TButton text=Crear
Click on widget class=TButton text=Auto OFF
Click on widget class=TButton text=Suspender
Click on widget class=TButton text=Suspender
Click on widget class=TButton text=Suspender
Click on widget class=TButton text=Suspender
Click on widget class=TButton text=Suspender
Click on widget class=TButton text=Suspender
Click on widget class=TButton text=Suspender
Click on widget class=TButton text=Suspender
Click on widget class=TButton text=Suspender
Click on widget class=TLabelframe text=PROCESOS
Click on widget class=TButton text=Terminar
Click on widget class=TButton text=Terminar
Click on widget class=TButton text=Terminar
Click on widget class=TButton text=Terminar
Click on widget class=TButton text=Terminar
Click on widget class=TButton text=Terminar
Click on widget class=TButton text=Terminar
Click on widget class=TButton text=Terminar
Click on widget class=TButton text=Terminar
Click on widget class=TButton text=Terminar
Click on widget class=TButton text=Terminar
Click on widget class=TButton text=Terminar
Botones creados: suspender=.!frame2.!labelframe.!frame2.!button, reanudar=.!frame2.!labelframe.!frame2.!button2, terminar=.!frame2.!labelframe.!frame2.!button3
Click on widget class=Tk text=
Click on widget class=TEntry text=
Click on widget class=TEntry text=
Click on widget class=TEntry text=
Click on widget class=TEntry text=
Click on widget class=TButton text=Crear
Click on widget class=TEntry text=
Click on widget class=TEntry text=
Click on widget class=TEntry text=
Click on widget class=TEntry text=
Click on widget class=TEntry text=
Click on widget class=TEntry text=
Click on widget class=TEntry text=
Click on widget class=TEntry text=
Click on widget class=TEntry text=
Click on widget class=TButton text=Crear
Click on widget class=TEntry text=
Click on widget class=TEntry text=
Click on widget class=TEntry text=
Click on widget class=TEntry text=
Click on widget class=TEntry text=
Click on widget class=TButton text=Crear
Click on widget class=TEntry text=
Click on widget class=TEntry text=
Click on widget class=TEntry text=
Click on widget class=TButton text=Crear
Botones creados: suspender=.!frame2.!labelframe.!frame2.!button, reanudar=.!frame2.!labelframe.!frame2.!button2, terminar=.!frame2.!labelframe.!frame2.!button3
Click on widget class=TEntry text=
Click on widget class=TButton text=Crear
Click on widget class=TEntry text=
Click on widget class=TButton text=Crear
Click on widget class=TEntry text=
Click on widget class=TButton text=Crear
Click on widget class=TScale text=
Click on widget class=TScale text=
Click on widget class=Tk text=
Click on widget class=TButton text=Auto OFF
suspender_proceso: selection=()
Click on widget class=TButton text=Suspender
suspender_proceso: selection=()
Click on widget class=TButton text=Suspender
suspender_proceso: selection=()
Click on widget class=TButton text=Suspender
suspender_proceso: selection=()
Click on widget class=TButton text=Suspender
suspender_proceso: selection=()
Click on widget class=TButton text=Suspender
suspender_proceso: selection=()
Click on widget class=TButton text=Suspender
suspender_proceso: selection=()
Click on widget class=TButton text=Suspender
suspender_proceso: selection=()
Click on widget class=TButton text=Suspender
Click on widget class=Treeview text=
Click on widget class=Treeview text=
Click on widget class=Treeview text=
Click on widget class=Treeview text=
Click on widget class=Treeview text=
Click on widget class=Treeview text=
Click on widget class=Treeview text=
Click on widget class=Treeview text=
Click on widget class=Treeview text=
Click on widget class=Treeview text=
Click on widget class=Treeview text=
Click on widget class=Treeview text=
Click on widget class=Treeview text=
Click on widget class=Treeview text=
Click on widget class=Treeview text=
terminar_proceso: selection=()
Click on widget class=TButton text=Terminar
Click on widget class=TEntry text=
Click on widget class=TScale text=
Click on widget class=TScale text=
Click on widget class=TButton text=Crear
Click on widget class=TButton text=Auto ON
Click on widget class=TEntry text=
Click on widget class=TLabelframe text=Crear Proceso
Click on widget class=TButton text=Crear
Click on widget class=TLabelframe text=Crear Proceso
Click on widget class=TEntry text=
Click on widget class=TButton text=Crear
Click on widget class=TButton text=Auto OFF
Click on widget class=Treeview text=
Click on widget class=Treeview text=
Click on widget class=Treeview text=
Click on widget class=Scrollbar text=
Click on widget class=Treeview text=
Click on widget class=Treeview text=
Click on widget class=Treeview text=
Click on widget class=Treeview text=
suspender_proceso: selection=()
Click on widget class=TButton text=Suspender
suspender_proceso: selection=()
Click on widget class=TButton text=Suspender
reanudar_proceso: selection=()
Click on widget class=TButton text=Reanudar
terminar_proceso: selection=()
Click on widget class=TButton text=Terminar
terminar_proceso: selection=()
Click on widget class=TButton text=Terminar
terminar_proceso: selection=()
Click on widget class=TButton text=Terminar
terminar_proceso: selection=()
Click on widget class=TButton text=Terminar
Click on widget class=Scrollbar text=
Botones creados: suspender=.!frame2.!labelframe.!frame2.!button, reanudar=.!frame2.!labelframe.!frame2.!button2, terminar=.!frame2.!labelframe.!frame2.!button3
Click on widget class=TLabelframe text=Crear Proceso
Click on widget class=TLabelframe text=PROCESOS
Click on widget class=TEntry text=
Click on widget class=TButton text=Crear
Click on widget class=TEntry text=
Click on widget class=TButton text=Crear
Click on widget class=TEntry text=
Click on widget class=TButton text=Crear
Click on widget class=TEntry text=
Click on widget class=TButton text=Crear
Click on widget class=TButton text=Auto OFF
Click on widget class=TScale text=
Click on widget class=Treeview text=
Click on widget class=Treeview text=
Click on widget class=Treeview text=
Click on widget class=Treeview text=
Click on widget class=Treeview text=
Click on widget class=Treeview text=
Click on widget class=Treeview text=
Click on widget class=Treeview text=
suspender_proceso: selection=()
Click on widget class=TButton text=Suspender
suspender_proceso: selection=()
Click on widget class=TButton text=Suspender
Click on widget class=Treeview text=
Click on widget class=Treeview text=
Click on widget class=Treeview text=
Click on widget class=Treeview text=
Click on widget class=Treeview text=
Click on widget class=Treeview text=
Click on widget class=Treeview text=
suspender_proceso: selection=()
Click on widget class=TButton text=Suspender
terminar_proceso: selection=()
Click on widget class=TButton text=Terminar
terminar_proceso: selection=()
Click on widget class=TButton text=Terminar
Click on widget class=Treeview text=
Click on widget class=Treeview text=
Click on widget class=Treeview text=
Click on widget class=Treeview text=
terminar_proceso: selection=()
Click on widget class=TButton text=Terminar
Click on widget class=Treeview text=
Click on widget class=Treeview text=
Click on widget class=Treeview text=
Click on widget class=Treeview text=
Click on widget class=Treeview text=
Click on widget class=Treeview text=
Click on widget class=Treeview text=
Click on widget class=Treeview text=
Click on widget class=Treeview text=
terminar_proceso: selection=()
Click on widget class=TButton text=Terminar
Click on widget class=Scrollbar text=
Botones creados: suspender=.!frame2.!labelframe.!frame2.!button, reanudar=.!frame2.!labelframe.!frame2.!button2, terminar=.!frame2.!labelframe.!frame2.!button3
Click on widget class=TEntry text=
Click on widget class=TButton text=Crear
Click on widget class=TEntry text=
Click on widget class=TButton text=Crear
Click on widget class=TEntry text=
Click on widget class=TLabelframe text=PROCESOS
Click on widget class=TButton text=Crear
Click on widget class=TEntry text=
Click on widget class=TButton text=Crear
Click on widget class=TEntry text=
Click on widget class=TButton text=Crear
Click on widget class=TButton text=Auto OFF
Click on widget class=Treeview text=
Click on widget class=Treeview text=
Click on widget class=TScale text=
suspender_proceso: selection=()
suspender_proceso: sin seleccion, using last_pid=3
Suspender pedido para PID 3
Click on widget class=TButton text=Suspender
Click on widget class=Treeview text=
suspender_proceso: selection=()
suspender_proceso: sin seleccion, using last_pid=4
Suspender pedido para PID 4
Click on widget class=TButton text=Suspender
terminar_proceso: selection=()
terminar_proceso: sin seleccion, using last_pid=4
Terminar pedido para PID 4
Click on widget class=TButton text=Terminar
terminar_proceso: selection=()
terminar_proceso: sin seleccion, using last_pid=4
Terminar pedido para PID 4
Click on widget class=TButton text=Terminar
Click on widget class=Treeview text=
Click on widget class=Treeview text=
Click on widget class=Treeview text=
terminar_proceso: selection=()
terminar_proceso: sin seleccion, using last_pid=4
Terminar pedido para PID 4
Click on widget class=TButton text=Terminar
Click on widget class=Treeview text=
terminar_proceso: selection=()
terminar_proceso: sin seleccion, using last_pid=4
Terminar pedido para PID 4
Click on widget class=TButton text=Terminar
Click on widget class=Scrollbar text=
Click on widget class=Treeview text=
reanudar_proceso: selection=()
reanudar_proceso: sin seleccion, using last_pid=4
Reanudar pedido para PID 4
Click on widget class=TButton text=Reanudar
Click on widget class=TScale text=
Click on widget class=Treeview text=
reanudar_proceso: selection=()
reanudar_proceso: sin seleccion, using last_pid=3
Reanudar pedido para PID 3
Click on widget class=TButton text=Reanudar
suspender_proceso: selection=()
suspender_proceso: sin seleccion, using last_pid=3
Suspender pedido para PID 3
Click on widget class=TButton text=Suspender
Click on widget class=TLabelframe text=LOGS
Click on widget class=TLabelframe text=LOGS
Click on widget class=Scrollbar text=
reanudar_proceso: selection=()
reanudar_proceso: sin seleccion, using last_pid=3
Reanudar pedido para PID 3
Click on widget class=TButton text=Reanudar
Botones creados: suspender=.!frame2.!labelframe.!frame2.!button, reanudar=.!frame2.!labelframe.!frame2.!button2, terminar=.!frame2.!labelframe.!frame2.!button3
Click on widget class=TScale text=
Click on widget class=TLabelframe text=Crear Proceso
Click on widget class=TEntry text=
Click on widget class=TButton text=Tick Manual
Click on widget class=TButton text=Crear
Click on widget class=TLabelframe text=Crear Proceso
Click on widget class=TLabelframe text=Crear Proceso
Click on widget class=TLabelframe text=Crear Proceso
Click on widget class=TEntry text=
Click on widget class=TButton text=Crear
Click on widget class=TEntry text=
Click on widget class=TButton text=Crear
Click on widget class=TEntry text=
Click on widget class=TButton text=Crear
Click on widget class=TEntry text=
Click on widget class=TButton text=Crear
Click on widget class=TButton text=Auto OFF
Click on widget class=TScale text=
suspender_proceso: selection=()
suspender_proceso: sin seleccion, using last_pid=None
Click on widget class=TButton text=Suspender
Click on widget class=Treeview text=
suspender_proceso: selection=()
suspender_proceso: sin seleccion, using last_pid=3
Suspender pedido para PID 3
Click on widget class=TButton text=Suspender
Click on widget class=Treeview text=
suspender_proceso: selection=()
suspender_proceso: sin seleccion, using last_pid=3
Suspender pedido para PID 3
Click on widget class=TButton text=Suspender
Click on widget class=TLabelframe text=PROCESOS
terminar_proceso: selection=()
terminar_proceso: sin seleccion, using last_pid=3
Terminar pedido para PID 3
Click on widget class=TButton text=Terminar
Click on widget class=Scrollbar text=
terminar_proceso: selection=()
terminar_proceso: sin seleccion, using last_pid=3
Terminar pedido para PID 3
Click on widget class=TButton text=Terminar
Click on widget class=Scrollbar text=
suspender_proceso: selection=()
suspender_proceso: sin seleccion, using last_pid=3
Suspender pedido para PID 3
Click on widget class=TButton text=Suspender
reanudar_proceso: selection=()
reanudar_proceso: sin seleccion, using last_pid=3
Reanudar pedido para PID 3
Click on widget class=TButton text=Reanudar
Click on widget class=TEntry text=
Click on widget class=TButton text=Auto ON
Click on widget class=TEntry text=
Click on widget class=TButton text=Crear
Click on widget class=TEntry text=
Click on widget class=TButton text=Crear
Click on widget class=TEntry text=
Click on widget class=TButton text=Crear
Click on widget class=TEntry text=
Click on widget class=TButton text=Crear
Click on widget class=TEntry text=
Click on widget class=TButton text=Crear
Click on widget class=TEntry text=
Click on widget class=TEntry text=
Click on widget class=TButton text=Crear
Click on widget class=TButton text=Auto OFF
Click on widget class=Scrollbar text=
suspender_proceso: selection=()
suspender_proceso: sin seleccion, using last_pid=3
Suspender pedido para PID 3
Click on widget class=TButton text=Suspender
suspender_proceso: selection=()
suspender_proceso: sin seleccion, using last_pid=3
Suspender pedido para PID 3
Click on widget class=TButton text=Suspender
suspender_proceso: selection=()
suspender_proceso: sin seleccion, using last_pid=3
Suspender pedido para PID 3
Click on widget class=TButton text=Suspender
Click on widget class=Treeview text=
Click on widget class=Scrollbar text=
Click on widget class=Treeview text=
suspender_proceso: selection=()
suspender_proceso: sin seleccion, using last_pid=9
Suspender pedido para PID 9
Click on widget class=TButton text=Suspender
Click on widget class=Treeview text=
terminar_proceso: selection=()
terminar_proceso: sin seleccion, using last_pid=10
Terminar pedido para PID 10
Click on widget class=TButton text=Terminar
Click on widget class=Treeview text=
terminar_proceso: selection=()
terminar_proceso: sin seleccion, using last_pid=11
Terminar pedido para PID 11
Click on widget class=TButton text=Terminar
Click on widget class=Treeview text=
reanudar_proceso: selection=()
reanudar_proceso: sin seleccion, using last_pid=9
Reanudar pedido para PID 9
Click on widget class=TButton text=Reanudar
